#
# A fatal error has been detected by the Java Runtime Environment:
#
#  EXCEPTION_ACCESS_VIOLATION (0xc0000005) at pc=0x000001cb67b3112d, pid=10052, tid=7960
#
# JRE version: OpenJDK Runtime Environment OpenLogic-OpenJDK (11.0.26+4) (build 11.0.26+4-adhoc..jdk11u)
# Java VM: OpenJDK 64-Bit Server VM OpenLogic-OpenJDK (11.0.26+4-adhoc..jdk11u, mixed mode, tiered, compressed oops, g1 gc, windows-amd64)
# Problematic frame:
# v  ~StubRoutines::get_previous_fp
#
# No core dump will be written. Minidumps are not enabled by default on client versions of Windows
#
# If you would like to submit a bug report, please visit:
#   https://techsupport.roguewave.com/
#

---------------  S U M M A R Y ------------

Command Line: -javaagent:C:\\Users\\rushi\\.m2\\repository\\org\\jacoco\\org.jacoco.agent\\0.7.7.201606060606\\org.jacoco.agent-0.7.7.201606060606-runtime.jar=destfile=C:\\Users\\rushi\\Documents\\workspace-spring-tool-suite-4-4.29.1.RELEASE\\Employee\\target\\jacoco.exec C:\Users\rushi\AppData\Local\Temp\surefire18244347312330520602\surefirebooter3039060532910616276.jar C:\Users\rushi\AppData\Local\Temp\surefire18244347312330520602 2025-07-24T12-36-15_018-jvmRun1 surefire11164653215394605904tmp surefire_0663071968424733448tmp

Host: Intel(R) Core(TM) i3-6006U CPU @ 2.00GHz, 4 cores, 3G,  Windows 11 , 64 bit Build 26100 (10.0.26100.4484)
Time: Thu Jul 24 12:36:18 2025 India Standard Time elapsed time: 1.799483 seconds (0d 0h 0m 1s)

---------------  T H R E A D  ---------------

Current thread (0x000001cb62cbb800):  JavaThread "main" [_thread_in_vm, id=7960, stack(0x0000007b77500000,0x0000007b77600000)]

Stack: [0x0000007b77500000,0x0000007b77600000],  sp=0x0000007b775ff640,  free space=1021k
Native frames: (J=compiled Java code, j=interpreted, Vv=VM code, C=native code)
C  0x000001cb67b3112d


siginfo: EXCEPTION_ACCESS_VIOLATION (0xc0000005), reading address 0x00000000000003d8


Register to memory mapping:

RIP=0x000001cb67b3112d is at begin+8 in a stub
StubRoutines::get_previous_fp [0x000001cb67b31125, 0x000001cb67b31132[ (13 bytes)
RAX=0x00000000000003d8 is an unknown value
RBX=0x0000007b775ff6e0 is pointing into the stack for thread: 0x000001cb62cbb800
RCX=0x0000007b775ff6e0 is pointing into the stack for thread: 0x000001cb62cbb800
RDX=0x0 is NULL
RSP=0x0000007b775ff640 is pointing into the stack for thread: 0x000001cb62cbb800
RBP=0x0000007b775ff640 is pointing into the stack for thread: 0x000001cb62cbb800
RSI=0x0 is NULL
RDI=0x000001cb62cbb800 is a thread
R8 =0x0000007b775ff5b8 is pointing into the stack for thread: 0x000001cb62cbb800
R9 =0x0000000000000001 is an unknown value
R10=0x0 is NULL
R11=0x0000007b775ff670 is pointing into the stack for thread: 0x000001cb62cbb800
R12=0x000001cb62cbc1e8 points into unknown readable memory: 0x0803a093e1f5011b | 1b 01 f5 e1 93 a0 03 08
R13=0x000001cb62d0c150 points into unknown readable memory: 0x000001cb628ca6f0 | f0 a6 8c 62 cb 01 00 00
R14=0x000001cb7d90b520 points into unknown readable memory: 0x00000000c1eb2a58 | 58 2a eb c1 00 00 00 00
R15=0x000001cb62cbbe10 points into unknown readable memory: 0x6e616c2e6176616a | 6a 61 76 61 2e 6c 61 6e


Registers:
RAX=0x00000000000003d8, RBX=0x0000007b775ff6e0, RCX=0x0000007b775ff6e0, RDX=0x0000000000000000
RSP=0x0000007b775ff640, RBP=0x0000007b775ff640, RSI=0x0000000000000000, RDI=0x000001cb62cbb800
R8 =0x0000007b775ff5b8, R9 =0x0000000000000001, R10=0x0000000000000000, R11=0x0000007b775ff670
R12=0x000001cb62cbc1e8, R13=0x000001cb62d0c150, R14=0x000001cb7d90b520, R15=0x000001cb62cbbe10
RIP=0x000001cb67b3112d, EFLAGS=0x0000000000010202

Top of Stack: (sp=0x0000007b775ff640)
0x0000007b775ff640:   00000000000003d8 00007ffa6cb814a6
0x0000007b775ff650:   0000000000000000 00007ffac538467f
0x0000007b775ff660:   00000000000000af 000001cb628d1da8
0x0000007b775ff670:   000001cb62cbbe00 00007ffa6c60166c
0x0000007b775ff680:   0000007b775ff740 000001cb62916260
0x0000007b775ff690:   00000000000007d0 0000000000007fd8
0x0000007b775ff6a0:   000001cb62cbb800 00007ffa6cc863b1
0x0000007b775ff6b0:   000001cb62916260 000001cb62cbbe00
0x0000007b775ff6c0:   000001cb62cbbe00 000001cb628d0200
0x0000007b775ff6d0:   00007ffac5487cf0 00007ffab6ba148c
0x0000007b775ff6e0:   000001cb62cbbb50 0000000000000000
0x0000007b775ff6f0:   000001cb7bcb87f8 000001cb628d02a0
0x0000007b775ff700:   0000007b775ff740 0000000000000000
0x0000007b775ff710:   0000aada84d56220 00007ffab6ba7ae0
0x0000007b775ff720:   000001cb62cbb800 00007ffa6cb83bf0
0x0000007b775ff730:   000001cb62cbbb50 00007ffab6ba82d0 

Instructions: (pc=0x000001cb67b3112d)
0x000001cb67b3102d:   84 83 00 00 00 83 fa 07 0f 84 80 00 00 00 89 01
0x000001cb67b3103d:   48 8d a5 28 fe ff ff c5 fa 6f 75 b8 c5 fa 6f 7d
0x000001cb67b3104d:   a8 c5 7a 6f 45 98 c5 7a 6f 4d 88 c5 7a 6f 95 78
0x000001cb67b3105d:   ff ff ff c5 7a 6f 9d 68 ff ff ff c5 7a 6f a5 58
0x000001cb67b3106d:   ff ff ff c5 7a 6f ad 48 ff ff ff c5 7a 6f b5 38
0x000001cb67b3107d:   ff ff ff c5 7a 6f bd 28 ff ff ff 4c 8b 7d c8 4c
0x000001cb67b3108d:   8b 75 d0 4c 8b 6d d8 4c 8b 65 e0 48 8b 5d f8 48
0x000001cb67b3109d:   8b 7d e8 48 8b 75 f0 48 81 c4 d8 01 00 00 c5 f8
0x000001cb67b310ad:   77 5d c3 48 89 01 eb 88 c5 fa 11 01 eb 82 c5 fb
0x000001cb67b310bd:   11 01 e9 79 ff ff ff 49 89 47 08 49 ba 10 7b e2
0x000001cb67b310cd:   6c fa 7f 00 00 4d 89 57 10 41 c7 47 18 da 01 00
0x000001cb67b310dd:   00 e9 2d ff ff ff 8b c1 87 02 c3 48 8b c1 48 87
0x000001cb67b310ed:   02 c3 41 8b c0 f0 0f b1 0a c3 49 0f be c0 f0 0f
0x000001cb67b310fd:   b0 0a c3 49 8b c0 f0 48 0f b1 0a c3 8b c1 f0 0f
0x000001cb67b3110d:   c1 0a 03 c1 c3 48 8b c1 f0 48 0f c1 0a 48 03 c1
0x000001cb67b3111d:   c3 f0 83 44 24 c0 00 c3 55 48 8b ec 48 8b 45 00
0x000001cb67b3112d:   48 8b 00 5d c3 48 8b c4 48 83 c0 08 c3 c3 0f 1f
0x000001cb67b3113d:   44 00 00 55 48 8b ec 49 b9 70 47 f7 6c fa 7f 00
0x000001cb67b3114d:   00 f7 d1 41 83 f8 10 0f 8c 38 02 00 00 44 8b da
0x000001cb67b3115d:   41 83 e3 0f 74 23 41 83 eb 10 45 03 c3 66 90 0f
0x000001cb67b3116d:   be 02 33 c1 81 e0 ff 00 00 00 c1 e9 08 41 33 0c
0x000001cb67b3117d:   81 48 ff c2 41 ff c3 7c e6 45 8b d8 41 c1 e8 04
0x000001cb67b3118d:   0f 84 fc 01 00 00 c5 f9 6f 0a c5 f9 7e c8 33 c8
0x000001cb67b3119d:   c4 e3 71 22 c9 00 48 83 c2 10 41 83 e8 04 0f 8c
0x000001cb67b311ad:   d7 00 00 00 c5 f9 6f 12 c5 f9 6f 5a 10 c5 f9 6f
0x000001cb67b311bd:   62 20 48 83 c2 30 41 83 e8 03 0f 8e 70 00 00 00
0x000001cb67b311cd:   49 ba 60 47 f7 6c fa 7f 00 00 c4 c1 7a 6f 02 0f
0x000001cb67b311dd:   1f 40 00 c4 e3 79 44 e9 11 c4 e3 79 44 c9 00 c5
0x000001cb67b311ed:   f1 ef 0a c5 f1 ef cd c4 e3 79 44 ea 11 c4 e3 79
0x000001cb67b311fd:   44 d2 00 c5 e9 ef 52 10 c5 e9 ef d5 c4 e3 79 44
0x000001cb67b3120d:   eb 11 c4 e3 79 44 db 00 c5 e1 ef 5a 20 c5 e1 ef
0x000001cb67b3121d:   dd c4 e3 79 44 ec 11 c4 e3 79 44 e4 00 c5 d9 ef 


Stack slot to memory mapping:
stack at sp + 0 slots: 0x00000000000003d8 is an unknown value
stack at sp + 1 slots: 0x00007ffa6cb814a6 jvm.dll
stack at sp + 2 slots: 0x0 is NULL
stack at sp + 3 slots: 0x00007ffac538467f ucrtbase.dll
stack at sp + 4 slots: 0x00000000000000af is an unknown value
stack at sp + 5 slots: 0x000001cb628d1da8 points into unknown readable memory: 0x000001cb62cb1ce0 | e0 1c cb 62 cb 01 00 00
stack at sp + 6 slots: 0x000001cb62cbbe00 points into unknown readable memory: 0x000001cb7d90b510 | 10 b5 90 7d cb 01 00 00
stack at sp + 7 slots: 0x00007ffa6c60166c jvm.dll

StubRoutines::get_previous_fp [0x000001cb67b31125, 0x000001cb67b31132[ (13 bytes)
---------------  P R O C E S S  ---------------

Threads class SMR info:
_java_thread_list=0x000001cb7ca3c490, length=10, elements={
0x000001cb62cbb800, 0x000001cb7bc77800, 0x000001cb7bca6000, 0x000001cb7bcc2000,
0x000001cb7bcc5000, 0x000001cb7bcc8000, 0x000001cb7bcc9000, 0x000001cb7bcde800,
0x000001cb7bcf0800, 0x000001cb7bc45000
}

Java Threads: ( => current thread )
=>0x000001cb62cbb800 JavaThread "main" [_thread_in_vm, id=7960, stack(0x0000007b77500000,0x0000007b77600000)]
  0x000001cb7bc77800 JavaThread "Reference Handler" daemon [_thread_blocked, id=1928, stack(0x0000007b77c00000,0x0000007b77d00000)]
  0x000001cb7bca6000 JavaThread "Finalizer" daemon [_thread_blocked, id=13092, stack(0x0000007b77d00000,0x0000007b77e00000)]
  0x000001cb7bcc2000 JavaThread "Signal Dispatcher" daemon [_thread_blocked, id=888, stack(0x0000007b77e00000,0x0000007b77f00000)]
  0x000001cb7bcc5000 JavaThread "Attach Listener" daemon [_thread_blocked, id=5448, stack(0x0000007b77f00000,0x0000007b78000000)]
  0x000001cb7bcc8000 JavaThread "Service Thread" daemon [_thread_blocked, id=13884, stack(0x0000007b78000000,0x0000007b78100000)]
  0x000001cb7bcc9000 JavaThread "C2 CompilerThread0" daemon [_thread_blocked, id=6660, stack(0x0000007b78100000,0x0000007b78200000)]
  0x000001cb7bcde800 JavaThread "C1 CompilerThread0" daemon [_thread_blocked, id=2428, stack(0x0000007b78200000,0x0000007b78300000)]
  0x000001cb7bcf0800 JavaThread "Sweeper thread" daemon [_thread_blocked, id=12068, stack(0x0000007b78300000,0x0000007b78400000)]
  0x000001cb7bc45000 JavaThread "Common-Cleaner" daemon [_thread_blocked, id=8048, stack(0x0000007b78400000,0x0000007b78500000)]

Other Threads:
  0x000001cb7bca4800 VMThread "VM Thread" [stack: 0x0000007b77b00000,0x0000007b77c00000] [id=3692]
  0x000001cb62cd4800 GCTaskThread "GC Thread#0" [stack: 0x0000007b77600000,0x0000007b77700000] [id=13232]
  0x000001cb7c833800 GCTaskThread "GC Thread#1" [stack: 0x0000007b78500000,0x0000007b78600000] [id=12744]
  0x000001cb62cf1000 ConcurrentGCThread "G1 Main Marker" [stack: 0x0000007b77700000,0x0000007b77800000] [id=10228]
  0x000001cb62cf3000 ConcurrentGCThread "G1 Conc#0" [stack: 0x0000007b77800000,0x0000007b77900000] [id=4092]
  0x000001cb62cf4800 ConcurrentGCThread "G1 Refine#0" [stack: 0x0000007b77900000,0x0000007b77a00000] [id=3340]
  0x000001cb62d5a800 ConcurrentGCThread "G1 Young RemSet Sampling" [stack: 0x0000007b77a00000,0x0000007b77b00000] [id=10128]

Threads with active compile tasks:

VM state:not at safepoint (normal execution)

VM Mutex/Monitor currently owned by a thread: None

Heap address: 0x00000000c1600000, size: 1002 MB, Compressed Oops mode: 32-bit
Narrow klass base: 0x0000000000000000, Narrow klass shift: 3
Compressed class space size: 1073741824 Address: 0x0000000100000000

Heap:
 garbage-first heap   total 65536K, used 12121K [0x00000000c1600000, 0x0000000100000000)
  region size 1024K, 5 young (5120K), 2 survivors (2048K)
 Metaspace       used 9192K, capacity 9286K, committed 9472K, reserved 1058816K
  class space    used 901K, capacity 943K, committed 1024K, reserved 1048576K
Heap Regions: E=young(eden), S=young(survivor), O=old, HS=humongous(starts), HC=humongous(continues), CS=collection set, F=free, A=archive, TAMS=top-at-mark-start (previous, next)
|   0|0x00000000c1600000, 0x00000000c1700000, 0x00000000c1700000|100%|HS|  |TAMS 0x00000000c1600000, 0x00000000c1600000| Complete 
|   1|0x00000000c1700000, 0x00000000c1700000, 0x00000000c1800000|  0%| F|  |TAMS 0x00000000c1700000, 0x00000000c1700000| Untracked 
|   2|0x00000000c1800000, 0x00000000c1900000, 0x00000000c1900000|100%| O|  |TAMS 0x00000000c1800000, 0x00000000c1800000| Untracked 
|   3|0x00000000c1900000, 0x00000000c1a00000, 0x00000000c1a00000|100%| O|  |TAMS 0x00000000c1900000, 0x00000000c1900000| Untracked 
|   4|0x00000000c1a00000, 0x00000000c1b00000, 0x00000000c1b00000|100%| O|  |TAMS 0x00000000c1a00000, 0x00000000c1a00000| Untracked 
|   5|0x00000000c1b00000, 0x00000000c1c00000, 0x00000000c1c00000|100%| O|  |TAMS 0x00000000c1b00000, 0x00000000c1b00000| Untracked 
|   6|0x00000000c1c00000, 0x00000000c1d00000, 0x00000000c1d00000|100%| O|  |TAMS 0x00000000c1c00000, 0x00000000c1c00000| Untracked 
|   7|0x00000000c1d00000, 0x00000000c1e00000, 0x00000000c1e00000|100%| O|  |TAMS 0x00000000c1d00000, 0x00000000c1d00000| Untracked 
|   8|0x00000000c1e00000, 0x00000000c1ed6400, 0x00000000c1f00000| 83%| O|  |TAMS 0x00000000c1e00000, 0x00000000c1e00000| Untracked 
|   9|0x00000000c1f00000, 0x00000000c1f00000, 0x00000000c2000000|  0%| F|  |TAMS 0x00000000c1f00000, 0x00000000c1f00000| Untracked 
|  10|0x00000000c2000000, 0x00000000c2000000, 0x00000000c2100000|  0%| F|  |TAMS 0x00000000c2000000, 0x00000000c2000000| Untracked 
|  11|0x00000000c2100000, 0x00000000c2100000, 0x00000000c2200000|  0%| F|  |TAMS 0x00000000c2100000, 0x00000000c2100000| Untracked 
|  12|0x00000000c2200000, 0x00000000c2200000, 0x00000000c2300000|  0%| F|  |TAMS 0x00000000c2200000, 0x00000000c2200000| Untracked 
|  13|0x00000000c2300000, 0x00000000c2300000, 0x00000000c2400000|  0%| F|  |TAMS 0x00000000c2300000, 0x00000000c2300000| Untracked 
|  14|0x00000000c2400000, 0x00000000c2400000, 0x00000000c2500000|  0%| F|  |TAMS 0x00000000c2400000, 0x00000000c2400000| Untracked 
|  15|0x00000000c2500000, 0x00000000c2500000, 0x00000000c2600000|  0%| F|  |TAMS 0x00000000c2500000, 0x00000000c2500000| Untracked 
|  16|0x00000000c2600000, 0x00000000c2600000, 0x00000000c2700000|  0%| F|  |TAMS 0x00000000c2600000, 0x00000000c2600000| Untracked 
|  17|0x00000000c2700000, 0x00000000c2700000, 0x00000000c2800000|  0%| F|  |TAMS 0x00000000c2700000, 0x00000000c2700000| Untracked 
|  18|0x00000000c2800000, 0x00000000c2800000, 0x00000000c2900000|  0%| F|  |TAMS 0x00000000c2800000, 0x00000000c2800000| Untracked 
|  19|0x00000000c2900000, 0x00000000c2900000, 0x00000000c2a00000|  0%| F|  |TAMS 0x00000000c2900000, 0x00000000c2900000| Untracked 
|  20|0x00000000c2a00000, 0x00000000c2a00000, 0x00000000c2b00000|  0%| F|  |TAMS 0x00000000c2a00000, 0x00000000c2a00000| Untracked 
|  21|0x00000000c2b00000, 0x00000000c2b00000, 0x00000000c2c00000|  0%| F|  |TAMS 0x00000000c2b00000, 0x00000000c2b00000| Untracked 
|  22|0x00000000c2c00000, 0x00000000c2c00000, 0x00000000c2d00000|  0%| F|  |TAMS 0x00000000c2c00000, 0x00000000c2c00000| Untracked 
|  23|0x00000000c2d00000, 0x00000000c2d00000, 0x00000000c2e00000|  0%| F|  |TAMS 0x00000000c2d00000, 0x00000000c2d00000| Untracked 
|  24|0x00000000c2e00000, 0x00000000c2e00000, 0x00000000c2f00000|  0%| F|  |TAMS 0x00000000c2e00000, 0x00000000c2e00000| Untracked 
|  25|0x00000000c2f00000, 0x00000000c2f00000, 0x00000000c3000000|  0%| F|  |TAMS 0x00000000c2f00000, 0x00000000c2f00000| Untracked 
|  26|0x00000000c3000000, 0x00000000c3000000, 0x00000000c3100000|  0%| F|  |TAMS 0x00000000c3000000, 0x00000000c3000000| Untracked 
|  27|0x00000000c3100000, 0x00000000c3100000, 0x00000000c3200000|  0%| F|  |TAMS 0x00000000c3100000, 0x00000000c3100000| Untracked 
|  28|0x00000000c3200000, 0x00000000c3200000, 0x00000000c3300000|  0%| F|  |TAMS 0x00000000c3200000, 0x00000000c3200000| Untracked 
|  29|0x00000000c3300000, 0x00000000c3300000, 0x00000000c3400000|  0%| F|  |TAMS 0x00000000c3300000, 0x00000000c3300000| Untracked 
|  30|0x00000000c3400000, 0x00000000c3400000, 0x00000000c3500000|  0%| F|  |TAMS 0x00000000c3400000, 0x00000000c3400000| Untracked 
|  31|0x00000000c3500000, 0x00000000c3500000, 0x00000000c3600000|  0%| F|  |TAMS 0x00000000c3500000, 0x00000000c3500000| Untracked 
|  32|0x00000000c3600000, 0x00000000c3600000, 0x00000000c3700000|  0%| F|  |TAMS 0x00000000c3600000, 0x00000000c3600000| Untracked 
|  33|0x00000000c3700000, 0x00000000c3700000, 0x00000000c3800000|  0%| F|  |TAMS 0x00000000c3700000, 0x00000000c3700000| Untracked 
|  34|0x00000000c3800000, 0x00000000c3800000, 0x00000000c3900000|  0%| F|  |TAMS 0x00000000c3800000, 0x00000000c3800000| Untracked 
|  35|0x00000000c3900000, 0x00000000c3900000, 0x00000000c3a00000|  0%| F|  |TAMS 0x00000000c3900000, 0x00000000c3900000| Untracked 
|  36|0x00000000c3a00000, 0x00000000c3a00000, 0x00000000c3b00000|  0%| F|  |TAMS 0x00000000c3a00000, 0x00000000c3a00000| Untracked 
|  37|0x00000000c3b00000, 0x00000000c3b00000, 0x00000000c3c00000|  0%| F|  |TAMS 0x00000000c3b00000, 0x00000000c3b00000| Untracked 
|  38|0x00000000c3c00000, 0x00000000c3c00000, 0x00000000c3d00000|  0%| F|  |TAMS 0x00000000c3c00000, 0x00000000c3c00000| Untracked 
|  39|0x00000000c3d00000, 0x00000000c3d00000, 0x00000000c3e00000|  0%| F|  |TAMS 0x00000000c3d00000, 0x00000000c3d00000| Untracked 
|  40|0x00000000c3e00000, 0x00000000c3e00000, 0x00000000c3f00000|  0%| F|  |TAMS 0x00000000c3e00000, 0x00000000c3e00000| Untracked 
|  41|0x00000000c3f00000, 0x00000000c3f00000, 0x00000000c4000000|  0%| F|  |TAMS 0x00000000c3f00000, 0x00000000c3f00000| Untracked 
|  42|0x00000000c4000000, 0x00000000c4000000, 0x00000000c4100000|  0%| F|  |TAMS 0x00000000c4000000, 0x00000000c4000000| Untracked 
|  43|0x00000000c4100000, 0x00000000c4100000, 0x00000000c4200000|  0%| F|  |TAMS 0x00000000c4100000, 0x00000000c4100000| Untracked 
|  44|0x00000000c4200000, 0x00000000c4200000, 0x00000000c4300000|  0%| F|  |TAMS 0x00000000c4200000, 0x00000000c4200000| Untracked 
|  45|0x00000000c4300000, 0x00000000c4300000, 0x00000000c4400000|  0%| F|  |TAMS 0x00000000c4300000, 0x00000000c4300000| Untracked 
|  46|0x00000000c4400000, 0x00000000c4400000, 0x00000000c4500000|  0%| F|  |TAMS 0x00000000c4400000, 0x00000000c4400000| Untracked 
|  47|0x00000000c4500000, 0x00000000c4500000, 0x00000000c4600000|  0%| F|  |TAMS 0x00000000c4500000, 0x00000000c4500000| Untracked 
|  48|0x00000000c4600000, 0x00000000c4700000, 0x00000000c4700000|100%| S|CS|TAMS 0x00000000c4600000, 0x00000000c4600000| Complete 
|  49|0x00000000c4700000, 0x00000000c4800000, 0x00000000c4800000|100%| S|CS|TAMS 0x00000000c4700000, 0x00000000c4700000| Complete 
|  50|0x00000000c4800000, 0x00000000c4800000, 0x00000000c4900000|  0%| F|  |TAMS 0x00000000c4800000, 0x00000000c4800000| Untracked 
|  51|0x00000000c4900000, 0x00000000c4900000, 0x00000000c4a00000|  0%| F|  |TAMS 0x00000000c4900000, 0x00000000c4900000| Untracked 
|  52|0x00000000c4a00000, 0x00000000c4a00000, 0x00000000c4b00000|  0%| F|  |TAMS 0x00000000c4a00000, 0x00000000c4a00000| Untracked 
|  53|0x00000000c4b00000, 0x00000000c4b00000, 0x00000000c4c00000|  0%| F|  |TAMS 0x00000000c4b00000, 0x00000000c4b00000| Untracked 
|  54|0x00000000c4c00000, 0x00000000c4c00000, 0x00000000c4d00000|  0%| F|  |TAMS 0x00000000c4c00000, 0x00000000c4c00000| Untracked 
|  55|0x00000000c4d00000, 0x00000000c4d00000, 0x00000000c4e00000|  0%| F|  |TAMS 0x00000000c4d00000, 0x00000000c4d00000| Untracked 
|  56|0x00000000c4e00000, 0x00000000c4e00000, 0x00000000c4f00000|  0%| F|  |TAMS 0x00000000c4e00000, 0x00000000c4e00000| Untracked 
|  57|0x00000000c4f00000, 0x00000000c4f00000, 0x00000000c5000000|  0%| F|  |TAMS 0x00000000c4f00000, 0x00000000c4f00000| Untracked 
|  58|0x00000000c5000000, 0x00000000c5000000, 0x00000000c5100000|  0%| F|  |TAMS 0x00000000c5000000, 0x00000000c5000000| Untracked 
|  59|0x00000000c5100000, 0x00000000c5100000, 0x00000000c5200000|  0%| F|  |TAMS 0x00000000c5100000, 0x00000000c5100000| Untracked 
|  60|0x00000000c5200000, 0x00000000c5200000, 0x00000000c5300000|  0%| F|  |TAMS 0x00000000c5200000, 0x00000000c5200000| Untracked 
|  61|0x00000000c5300000, 0x00000000c537c918, 0x00000000c5400000| 48%| E|  |TAMS 0x00000000c5300000, 0x00000000c5300000| Complete 
|  62|0x00000000c5400000, 0x00000000c5500000, 0x00000000c5500000|100%| E|CS|TAMS 0x00000000c5400000, 0x00000000c5400000| Complete 
|  63|0x00000000c5500000, 0x00000000c5600000, 0x00000000c5600000|100%| E|CS|TAMS 0x00000000c5500000, 0x00000000c5500000| Complete 

Card table byte_map: [0x000001cb77350000,0x000001cb77550000] _byte_map_base: 0x000001cb76d45000

Marking Bits (Prev, Next): (CMBitMap*) 0x000001cb62cec4c8, (CMBitMap*) 0x000001cb62cec500
 Prev Bits: [0x000001cb77750000, 0x000001cb786f8000)
 Next Bits: [0x000001cb78700000, 0x000001cb796a8000)

Polling page: 0x000001cb62880000

Metaspace:

Usage:
  Non-class:      8.15 MB capacity,     8.10 MB (>99%) used,    44.13 KB ( <1%) free+waste,     7.69 KB ( <1%) overhead. 
      Class:    943.00 KB capacity,   901.55 KB ( 96%) used,    38.08 KB (  4%) free+waste,     3.38 KB ( <1%) overhead. 
       Both:      9.07 MB capacity,     8.98 MB ( 99%) used,    82.21 KB ( <1%) free+waste,    11.06 KB ( <1%) overhead. 

Virtual space:
  Non-class space:       10.00 MB reserved,       8.25 MB ( 82%) committed 
      Class space:        1.00 GB reserved,       1.00 MB ( <1%) committed 
             Both:        1.01 GB reserved,       9.25 MB ( <1%) committed 

Chunk freelists:
   Non-Class:  41.00 KB
       Class:  17.00 KB
        Both:  58.00 KB

MaxMetaspaceSize: 17179869184.00 GB
CompressedClassSpaceSize: 1.00 GB
Initial GC threshold: 20.80 MB
Current GC threshold: 20.80 MB
CDS: off

CodeHeap 'non-profiled nmethods': size=120064Kb used=230Kb max_used=230Kb free=119833Kb
 bounds [0x000001cb6f5f0000, 0x000001cb6f860000, 0x000001cb76b30000]
CodeHeap 'profiled nmethods': size=120000Kb used=1130Kb max_used=1130Kb free=118869Kb
 bounds [0x000001cb680c0000, 0x000001cb68330000, 0x000001cb6f5f0000]
CodeHeap 'non-nmethods': size=5696Kb used=1129Kb max_used=1141Kb free=4566Kb
 bounds [0x000001cb67b30000, 0x000001cb67da0000, 0x000001cb680c0000]
 total_blobs=1069 nmethods=686 adapters=296
 compilation: enabled
              stopped_count=0, restarted_count=0
 full_count=0

Compilation events (20 events):
Event: 1.751 Thread 0x000001cb7bcde800 nmethod 676 0x000001cb681d6e90 code [0x000001cb681d7080, 0x000001cb681d7468]
Event: 1.751 Thread 0x000001cb7bcde800  677       3       jdk.internal.misc.Unsafe::getByte (7 bytes)
Event: 1.751 Thread 0x000001cb7bcde800 nmethod 677 0x000001cb681d7690 code [0x000001cb681d7840, 0x000001cb681d7958]
Event: 1.752 Thread 0x000001cb7bcde800  679       3       java.lang.StringUTF16::compress (20 bytes)
Event: 1.752 Thread 0x000001cb7bcde800 nmethod 679 0x000001cb681d7a10 code [0x000001cb681d7be0, 0x000001cb681d7de8]
Event: 1.752 Thread 0x000001cb7bcde800  680       3       java.lang.String::toLowerCase (8 bytes)
Event: 1.753 Thread 0x000001cb7bcde800 nmethod 680 0x000001cb681d7e90 code [0x000001cb681d8080, 0x000001cb681d83f8]
Event: 1.753 Thread 0x000001cb7bcde800  681       3       java.util.Locale::getDefault (4 bytes)
Event: 1.753 Thread 0x000001cb7bcde800 nmethod 681 0x000001cb681d8510 code [0x000001cb681d86c0, 0x000001cb681d87b8]
Event: 1.758 Thread 0x000001cb7bcde800  682       3       java.lang.String::charAt (25 bytes)
Event: 1.759 Thread 0x000001cb7bcde800 nmethod 682 0x000001cb681d8810 code [0x000001cb681d8a20, 0x000001cb681d8f38]
Event: 1.764 Thread 0x000001cb7bcde800  683       3       sun.nio.cs.SingleByte$Encoder::encode (32 bytes)
Event: 1.765 Thread 0x000001cb7bcde800 nmethod 683 0x000001cb681d9190 code [0x000001cb681d9340, 0x000001cb681d94f8]
Event: 1.765 Thread 0x000001cb7bcde800  684       3       java.lang.String::getChars (54 bytes)
Event: 1.766 Thread 0x000001cb7bcde800 nmethod 684 0x000001cb681d9610 code [0x000001cb681d9820, 0x000001cb681d9cd8]
Event: 1.766 Thread 0x000001cb7bcde800  685       3       java.lang.StringLatin1::getChars (12 bytes)
Event: 1.766 Thread 0x000001cb7bcde800 nmethod 685 0x000001cb681d9f10 code [0x000001cb681da0e0, 0x000001cb681da338]
Event: 1.766 Thread 0x000001cb7bcde800  686       3       java.nio.Buffer::position (52 bytes)
Event: 1.767 Thread 0x000001cb7bcde800 nmethod 686 0x000001cb681da510 code [0x000001cb681da6e0, 0x000001cb681da948]
Event: 1.769 Thread 0x000001cb7bcc9000 nmethod 673 0x000001cb6f629190 code [0x000001cb6f629340, 0x000001cb6f629698]

GC Heap History (2 events):
Event: 1.516 GC heap before
{Heap before GC invocations=0 (full 0):
 garbage-first heap   total 65536K, used 15360K [0x00000000c1600000, 0x0000000100000000)
  region size 1024K, 14 young (14336K), 0 survivors (0K)
 Metaspace       used 8063K, capacity 8144K, committed 8320K, reserved 1056768K
  class space    used 766K, capacity 797K, committed 896K, reserved 1048576K
}
Event: 1.534 GC heap after
{Heap after GC invocations=1 (full 0):
 garbage-first heap   total 65536K, used 10073K [0x00000000c1600000, 0x0000000100000000)
  region size 1024K, 2 young (2048K), 2 survivors (2048K)
 Metaspace       used 8063K, capacity 8144K, committed 8320K, reserved 1056768K
  class space    used 766K, capacity 797K, committed 896K, reserved 1048576K
}

Deoptimization events (20 events):
Event: 1.101 Thread 0x000001cb62cbb800 DEOPT PACKING pc=0x000001cb6815ac50 sp=0x0000007b775fe510
Event: 1.101 Thread 0x000001cb62cbb800 DEOPT UNPACKING pc=0x000001cb67b7a95e sp=0x0000007b775fd998 mode 0
Event: 1.103 Thread 0x000001cb62cbb800 DEOPT PACKING pc=0x000001cb6815ac50 sp=0x0000007b775fe550
Event: 1.103 Thread 0x000001cb62cbb800 DEOPT UNPACKING pc=0x000001cb67b7a95e sp=0x0000007b775fd9d8 mode 0
Event: 1.105 Thread 0x000001cb62cbb800 DEOPT PACKING pc=0x000001cb6815ac50 sp=0x0000007b775fe550
Event: 1.105 Thread 0x000001cb62cbb800 DEOPT UNPACKING pc=0x000001cb67b7a95e sp=0x0000007b775fd9d8 mode 0
Event: 1.109 Thread 0x000001cb62cbb800 DEOPT PACKING pc=0x000001cb6812b638 sp=0x0000007b775fe870
Event: 1.109 Thread 0x000001cb62cbb800 DEOPT UNPACKING pc=0x000001cb67b7a95e sp=0x0000007b775fdcc8 mode 0
Event: 1.116 Thread 0x000001cb62cbb800 DEOPT PACKING pc=0x000001cb6815ac50 sp=0x0000007b775fe550
Event: 1.116 Thread 0x000001cb62cbb800 DEOPT UNPACKING pc=0x000001cb67b7a95e sp=0x0000007b775fd9d8 mode 0
Event: 1.498 Thread 0x000001cb62cbb800 Uncommon trap: trap_request=0xffffff76 fr.pc=0x000001cb6f61f1c4 relative=0x0000000000000224
Event: 1.498 Thread 0x000001cb62cbb800 Uncommon trap: reason=loop_limit_check action=maybe_recompile pc=0x000001cb6f61f1c4 method=java.math.BigInteger.implMulAdd([I[IIII)I @ 26 c2
Event: 1.498 Thread 0x000001cb62cbb800 DEOPT PACKING pc=0x000001cb6f61f1c4 sp=0x0000007b775fdeb0
Event: 1.498 Thread 0x000001cb62cbb800 DEOPT UNPACKING pc=0x000001cb67b7a1af sp=0x0000007b775fde00 mode 2
Event: 1.559 Thread 0x000001cb62cbb800 DEOPT PACKING pc=0x000001cb6810a5a4 sp=0x0000007b775fc470
Event: 1.559 Thread 0x000001cb62cbb800 DEOPT UNPACKING pc=0x000001cb67b7a95e sp=0x0000007b775fb908 mode 0
Event: 1.755 Thread 0x000001cb62cbb800 Uncommon trap: trap_request=0xffffff4d fr.pc=0x000001cb6f5fed90 relative=0x0000000000000070
Event: 1.756 Thread 0x000001cb62cbb800 Uncommon trap: reason=unstable_if action=reinterpret pc=0x000001cb6f5fed90 method=java.lang.String.isLatin1()Z @ 10 c2
Event: 1.756 Thread 0x000001cb62cbb800 DEOPT PACKING pc=0x000001cb6f5fed90 sp=0x0000007b775fe050
Event: 1.756 Thread 0x000001cb62cbb800 DEOPT UNPACKING pc=0x000001cb67b7a1af sp=0x0000007b775fdf90 mode 2

Classes redefined (0 events):
No events

Internal exceptions (1 events):
Event: 1.758 Thread 0x000001cb62cbb800 Exception <a 'java/lang/reflect/InvocationTargetException'{0x00000000c536e770}> (0x00000000c536e770) thrown at [s\src\hotspot\share\runtime\reflection.cpp, line 1245]

Events (20 events):
Event: 1.756 loading class java/util/Formatter$FixedString
Event: 1.756 loading class java/util/Formatter$FormatString
Event: 1.756 loading class java/util/Formatter$FormatString done
Event: 1.756 loading class java/util/Formatter$FixedString done
Event: 1.756 loading class java/util/Formatter$FormatSpecifier
Event: 1.757 loading class java/util/Formatter$FormatSpecifier done
Event: 1.757 loading class java/util/Formatter$Flags
Event: 1.757 loading class java/util/Formatter$Flags done
Event: 1.758 loading class java/util/Formatter$Conversion
Event: 1.758 loading class java/util/Formatter$Conversion done
Event: 1.758 loading class java/util/Formattable
Event: 1.758 loading class java/util/Formattable done
Event: 1.758 loading class java/lang/reflect/InvocationTargetException
Event: 1.758 loading class java/lang/reflect/InvocationTargetException done
Event: 1.759 loading class java/lang/Throwable$WrappedPrintStream
Event: 1.759 loading class java/lang/Throwable$PrintStreamOrWriter
Event: 1.759 loading class java/lang/Throwable$PrintStreamOrWriter done
Event: 1.759 loading class java/lang/Throwable$WrappedPrintStream done
Event: 1.762 loading class java/lang/StackTraceElement$HashedModules
Event: 1.762 loading class java/lang/StackTraceElement$HashedModules done


Dynamic libraries:
0x00007ff750c20000 - 0x00007ff750c2e000 	C:\Users\rushi\Downloads\openlogic-openjdk-jre-11.0.26+4-windows-x64\openlogic-openjdk-jre-11.0.26+4-windows-x64\bin\java.exe
0x00007ffac8200000 - 0x00007ffac8468000 	C:\WINDOWS\SYSTEM32\ntdll.dll
0x00007ffac6fc0000 - 0x00007ffac7089000 	C:\WINDOWS\System32\KERNEL32.DLL
0x00007ffac5820000 - 0x00007ffac5c0d000 	C:\WINDOWS\System32\KERNELBASE.dll
0x00007ffac5350000 - 0x00007ffac549b000 	C:\WINDOWS\System32\ucrtbase.dll
0x00007ffab8dc0000 - 0x00007ffab8ddb000 	C:\Users\rushi\Downloads\openlogic-openjdk-jre-11.0.26+4-windows-x64\openlogic-openjdk-jre-11.0.26+4-windows-x64\bin\VCRUNTIME140.dll
0x00007ffabd8a0000 - 0x00007ffabd8b7000 	C:\Users\rushi\Downloads\openlogic-openjdk-jre-11.0.26+4-windows-x64\openlogic-openjdk-jre-11.0.26+4-windows-x64\bin\jli.dll
0x00007ffac60d0000 - 0x00007ffac629c000 	C:\WINDOWS\System32\USER32.dll
0x00007ffac5ed0000 - 0x00007ffac5ef7000 	C:\WINDOWS\System32\win32u.dll
0x00007ffab3400000 - 0x00007ffab369a000 	C:\WINDOWS\WinSxS\amd64_microsoft.windows.common-controls_6595b64144ccf1df_6.0.26100.4484_none_3e0e6d4ce32ef3b3\COMCTL32.dll
0x00007ffac6f90000 - 0x00007ffac6fbb000 	C:\WINDOWS\System32\GDI32.dll
0x00007ffac8040000 - 0x00007ffac80e9000 	C:\WINDOWS\System32\msvcrt.dll
0x00007ffac5d90000 - 0x00007ffac5ec7000 	C:\WINDOWS\System32\gdi32full.dll
0x00007ffac5620000 - 0x00007ffac56c3000 	C:\WINDOWS\System32\msvcp_win.dll
0x00007ffac7c20000 - 0x00007ffac7c4f000 	C:\WINDOWS\System32\IMM32.DLL
0x00007ffab82f0000 - 0x00007ffab82fc000 	C:\Users\rushi\Downloads\openlogic-openjdk-jre-11.0.26+4-windows-x64\openlogic-openjdk-jre-11.0.26+4-windows-x64\bin\vcruntime140_1.dll
0x00007ffa9c400000 - 0x00007ffa9c48d000 	C:\Users\rushi\Downloads\openlogic-openjdk-jre-11.0.26+4-windows-x64\openlogic-openjdk-jre-11.0.26+4-windows-x64\bin\msvcp140.dll
0x00007ffa6c540000 - 0x00007ffa6d08f000 	C:\Users\rushi\Downloads\openlogic-openjdk-jre-11.0.26+4-windows-x64\openlogic-openjdk-jre-11.0.26+4-windows-x64\bin\server\jvm.dll
0x00007ffac67d0000 - 0x00007ffac6884000 	C:\WINDOWS\System32\ADVAPI32.dll
0x00007ffac63c0000 - 0x00007ffac6466000 	C:\WINDOWS\System32\sechost.dll
0x00007ffac62a0000 - 0x00007ffac63b8000 	C:\WINDOWS\System32\RPCRT4.dll
0x00007ffac7240000 - 0x00007ffac72b4000 	C:\WINDOWS\System32\WS2_32.dll
0x00007ffac81a0000 - 0x00007ffac81a8000 	C:\WINDOWS\System32\PSAPI.DLL
0x00007ffab8d80000 - 0x00007ffab8db5000 	C:\WINDOWS\SYSTEM32\WINMM.dll
0x00007ffab8fa0000 - 0x00007ffab8fab000 	C:\WINDOWS\SYSTEM32\VERSION.dll
0x00007ffac40b0000 - 0x00007ffac40cb000 	C:\WINDOWS\SYSTEM32\kernel.appcore.dll
0x00007ffab82e0000 - 0x00007ffab82f0000 	C:\Users\rushi\Downloads\openlogic-openjdk-jre-11.0.26+4-windows-x64\openlogic-openjdk-jre-11.0.26+4-windows-x64\bin\verify.dll
0x00007ffab0900000 - 0x00007ffab0b41000 	C:\WINDOWS\SYSTEM32\DBGHELP.DLL
0x00007ffac7c60000 - 0x00007ffac7fe6000 	C:\WINDOWS\System32\combase.dll
0x00007ffac6a00000 - 0x00007ffac6ae0000 	C:\WINDOWS\System32\OLEAUT32.dll
0x00007ffaafd40000 - 0x00007ffaafd83000 	C:\WINDOWS\SYSTEM32\dbgcore.DLL
0x00007ffac5f00000 - 0x00007ffac5f99000 	C:\WINDOWS\System32\bcryptPrimitives.dll
0x00007ffaafe40000 - 0x00007ffaafe68000 	C:\Users\rushi\Downloads\openlogic-openjdk-jre-11.0.26+4-windows-x64\openlogic-openjdk-jre-11.0.26+4-windows-x64\bin\java.dll
0x00007ffab7440000 - 0x00007ffab744a000 	C:\Users\rushi\Downloads\openlogic-openjdk-jre-11.0.26+4-windows-x64\openlogic-openjdk-jre-11.0.26+4-windows-x64\bin\jimage.dll
0x00007ffab6ba0000 - 0x00007ffab6bae000 	C:\Users\rushi\Downloads\openlogic-openjdk-jre-11.0.26+4-windows-x64\openlogic-openjdk-jre-11.0.26+4-windows-x64\bin\instrument.dll
0x00007ffab64a0000 - 0x00007ffab64b8000 	C:\Users\rushi\Downloads\openlogic-openjdk-jre-11.0.26+4-windows-x64\openlogic-openjdk-jre-11.0.26+4-windows-x64\bin\zip.dll
0x00007ffac73d0000 - 0x00007ffac7b1a000 	C:\WINDOWS\System32\SHELL32.dll
0x00007ffac54a0000 - 0x00007ffac5614000 	C:\WINDOWS\System32\wintypes.dll
0x00007ffac2f70000 - 0x00007ffac37cb000 	C:\WINDOWS\SYSTEM32\windows.storage.dll
0x00007ffac5fd0000 - 0x00007ffac60c5000 	C:\WINDOWS\System32\SHCORE.dll
0x00007ffac6480000 - 0x00007ffac64ea000 	C:\WINDOWS\System32\shlwapi.dll
0x00007ffac5260000 - 0x00007ffac528f000 	C:\WINDOWS\SYSTEM32\profapi.dll
0x00007ffab5020000 - 0x00007ffab5039000 	C:\Users\rushi\Downloads\openlogic-openjdk-jre-11.0.26+4-windows-x64\openlogic-openjdk-jre-11.0.26+4-windows-x64\bin\net.dll
0x00007ffab9f00000 - 0x00007ffaba01e000 	C:\WINDOWS\SYSTEM32\WINHTTP.dll
0x00007ffac4620000 - 0x00007ffac468a000 	C:\WINDOWS\system32\mswsock.dll
0x00007ffab49f0000 - 0x00007ffab4a02000 	C:\Users\rushi\Downloads\openlogic-openjdk-jre-11.0.26+4-windows-x64\openlogic-openjdk-jre-11.0.26+4-windows-x64\bin\nio.dll
0x00007ffaabe00000 - 0x00007ffaabe18000 	C:\WINDOWS\system32\napinsp.dll
0x00007ffac3bb0000 - 0x00007ffac3cd6000 	C:\WINDOWS\SYSTEM32\DNSAPI.dll
0x00007ffac3ac0000 - 0x00007ffac3af3000 	C:\WINDOWS\SYSTEM32\IPHLPAPI.DLL
0x00007ffac81b0000 - 0x00007ffac81ba000 	C:\WINDOWS\System32\NSI.dll
0x00007ffaabc30000 - 0x00007ffaabc42000 	C:\WINDOWS\System32\winrnr.dll
0x00007ffaab490000 - 0x00007ffaab4c0000 	C:\WINDOWS\system32\nlansp_c.dll
0x00007ffaab460000 - 0x00007ffaab480000 	C:\WINDOWS\system32\wshbth.dll
0x00007ffab4ad0000 - 0x00007ffab4adb000 	C:\Windows\System32\rasadhlp.dll
0x00007ffab8fb0000 - 0x00007ffab9036000 	C:\WINDOWS\System32\fwpuclnt.dll

dbghelp: loaded successfully - version: 4.0.5 - missing functions: none
symbol engine: initialized successfully - sym options: 0x614 - pdb path: .;C:\Users\rushi\Downloads\openlogic-openjdk-jre-11.0.26+4-windows-x64\openlogic-openjdk-jre-11.0.26+4-windows-x64\bin;C:\WINDOWS\SYSTEM32;C:\WINDOWS\WinSxS\amd64_microsoft.windows.common-controls_6595b64144ccf1df_6.0.26100.4484_none_3e0e6d4ce32ef3b3;C:\Users\rushi\Downloads\openlogic-openjdk-jre-11.0.26+4-windows-x64\openlogic-openjdk-jre-11.0.26+4-windows-x64\bin\server

VM Arguments:
jvm_args: -javaagent:C:\\Users\\rushi\\.m2\\repository\\org\\jacoco\\org.jacoco.agent\\0.7.7.201606060606\\org.jacoco.agent-0.7.7.201606060606-runtime.jar=destfile=C:\\Users\\rushi\\Documents\\workspace-spring-tool-suite-4-4.29.1.RELEASE\\Employee\\target\\jacoco.exec 
java_command: C:\Users\rushi\AppData\Local\Temp\surefire18244347312330520602\surefirebooter3039060532910616276.jar C:\Users\rushi\AppData\Local\Temp\surefire18244347312330520602 2025-07-24T12-36-15_018-jvmRun1 surefire11164653215394605904tmp surefire_0663071968424733448tmp
java_class_path (initial): C:\Users\rushi\AppData\Local\Temp\surefire18244347312330520602\surefirebooter3039060532910616276.jar
Launcher Type: SUN_STANDARD

[Global flags]
     intx CICompilerCount                          = 3                                         {product} {ergonomic}
     uint ConcGCThreads                            = 1                                         {product} {ergonomic}
     uint G1ConcRefinementThreads                  = 4                                         {product} {ergonomic}
   size_t G1HeapRegionSize                         = 1048576                                   {product} {ergonomic}
    uintx GCDrainStackTargetSize                   = 64                                        {product} {ergonomic}
   size_t InitialHeapSize                          = 67108864                                  {product} {ergonomic}
   size_t MarkStackSize                            = 4194304                                   {product} {ergonomic}
   size_t MaxHeapSize                              = 1050673152                                {product} {ergonomic}
   size_t MaxNewSize                               = 630194176                                 {product} {ergonomic}
   size_t MinHeapDeltaBytes                        = 1048576                                   {product} {ergonomic}
    uintx NonNMethodCodeHeapSize                   = 5830732                                {pd product} {ergonomic}
    uintx NonProfiledCodeHeapSize                  = 122913754                              {pd product} {ergonomic}
    uintx ProfiledCodeHeapSize                     = 122913754                              {pd product} {ergonomic}
    uintx ReservedCodeCacheSize                    = 251658240                              {pd product} {ergonomic}
     bool SegmentedCodeCache                       = true                                      {product} {ergonomic}
     bool UseCompressedClassPointers               = true                                 {lp64_product} {ergonomic}
     bool UseCompressedOops                        = true                                 {lp64_product} {ergonomic}
     bool UseG1GC                                  = true                                      {product} {ergonomic}
     bool UseLargePagesIndividualAllocation        = false                                  {pd product} {ergonomic}

Logging:
Log output configuration:
 #0: stdout all=warning uptime,level,tags
 #1: stderr all=off uptime,level,tags

Environment Variables:
JAVA_HOME=C:\Users\rushi\Downloads\openlogic-openjdk-jre-11.0.26+4-windows-x64\openlogic-openjdk-jre-11.0.26+4-windows-x64
PATH=C:/Users/rushi/Documents/sts-4.29.1.RELEASE//plugins/org.eclipse.justj.openjdk.hotspot.jre.full.win32.x86_64_21.0.6.v20250130-0529/jre/bin/server;C:/Users/rushi/Documents/sts-4.29.1.RELEASE//plugins/org.eclipse.justj.openjdk.hotspot.jre.full.win32.x86_64_21.0.6.v20250130-0529/jre/bin;C:\WINDOWS\system32;C:\WINDOWS;C:\WINDOWS\System32\Wbem;C:\WINDOWS\System32\WindowsPowerShell\v1.0\;C:\WINDOWS\System32\OpenSSH\;C:\Users\rushi\Downloads\openlogic-openjdk-jre-11.0.26+4-windows-x64\openlogic-openjdk-jre-11.0.26+4-windows-x64\bin;C:\Program Files\Git\cmd;C:\Program Files\MySQL\MySQL Server 8.0\bin;C:\Program Files\MongoDB\Server\8.0\bin;C:\Program Files\Docker\Docker\resources\bin;C:\Program Files\Kubernetes\Minikube;C:\Program Files\Kubernetes\Minikube;C:\minikube;C:\Program Files\MySQL\MySQL Shell 8.0\bin\;C:\Users\rushi\AppData\Local\Microsoft\WindowsApps;C:\Program Files\mongosh\;C:\Users\rushi\Documents\sts-4.29.1.RELEASE;
USERNAME=rushi
OS=Windows_NT
PROCESSOR_IDENTIFIER=Intel64 Family 6 Model 78 Stepping 3, GenuineIntel
TMP=C:\Users\rushi\AppData\Local\Temp
TEMP=C:\Users\rushi\AppData\Local\Temp



---------------  S Y S T E M  ---------------

OS: Windows 11 , 64 bit Build 26100 (10.0.26100.4484)
OS uptime: 6 days 22:03 hours
Hyper-V role detected

CPU:total 4 (initial active 4) (2 cores per cpu, 2 threads per core) family 6 model 78 stepping 3 microcode 0xd6, cmov, cx8, fxsr, mmx, sse, sse2, sse3, ssse3, sse4.1, sse4.2, popcnt, avx, avx2, aes, clmul, erms, 3dnowpref, lzcnt, ht, tsc, tscinvbit, bmi1, bmi2, adx, fma

Memory: 4k page, system-wide physical 4001M (652M free)
TotalPageFile size 10145M (AvailPageFile size 1927M)
current process WorkingSet (physical memory assigned to process): 78M, peak: 78M
current process commit charge ("private bytes"): 147M, peak: 147M

vm_info: OpenJDK 64-Bit Server VM (11.0.26+4-adhoc..jdk11u) for windows-amd64 JRE (11.0.26+4-adhoc..jdk11u), built on Jan 22 2025 08:42:40 by "" with MS VC++ 16.10 / 16.11 (VS2019)

END.
